<?xml version="1.0" encoding="UTF-8"?>
<testng-results ignored="0" total="1" passed="1" failed="0" skipped="0">
  <reporter-output>
  </reporter-output>
  <suite started-at="2023-04-05T19:46:22 IST" name="Default suite" finished-at="2023-04-05T19:46:45 IST" duration-ms="23423">
    <groups>
    </groups>
    <test started-at="2023-04-05T19:46:22 IST" name="Default test" finished-at="2023-04-05T19:46:45 IST" duration-ms="23423">
      <class name="com.learnautomation.testcases.NonSubscribedUserLogin">
        <test-method is-config="true" signature="setUpSuite()[pri:0, instance:com.learnautomation.testcases.NonSubscribedUserLogin@45099dd3]" started-at="2023-04-05T19:46:20 IST" name="setUpSuite" finished-at="2023-04-05T19:46:22 IST" duration-ms="1715" status="PASS">
          <reporter-output>
          </reporter-output>
        </test-method> <!-- setUpSuite -->
        <test-method is-config="true" signature="setup()[pri:0, instance:com.learnautomation.testcases.NonSubscribedUserLogin@45099dd3]" started-at="2023-04-05T19:46:22 IST" name="setup" finished-at="2023-04-05T19:46:32 IST" duration-ms="9837" status="PASS">
          <reporter-output>
          </reporter-output>
        </test-method> <!-- setup -->
        <test-method signature="NonSubscribedLogin()[pri:0, instance:com.learnautomation.testcases.NonSubscribedUserLogin@45099dd3]" started-at="2023-04-05T19:46:32 IST" name="NonSubscribedLogin" finished-at="2023-04-05T19:46:45 IST" duration-ms="13151" status="PASS">
          <reporter-output>
          </reporter-output>
        </test-method> <!-- NonSubscribedLogin -->
        <test-method is-config="true" signature="teardown()[pri:0, instance:com.learnautomation.testcases.NonSubscribedUserLogin@45099dd3]" started-at="2023-04-05T19:46:45 IST" name="teardown" finished-at="2023-04-05T19:46:45 IST" duration-ms="346" status="PASS">
          <reporter-output>
          </reporter-output>
        </test-method> <!-- teardown -->
      </class> <!-- com.learnautomation.testcases.NonSubscribedUserLogin -->
    </test> <!-- Default test -->
  </suite> <!-- Default suite -->
</testng-results>
