<?xml version="1.0" encoding="UTF-8"?>
<!-- Generated by org.testng.reporters.JUnitXMLReporter -->
<testsuite ignored="0" hostname="TBIN-WLT-061759" failures="0" tests="1" name="Test" time="21.725" errors="0" timestamp="2023-03-27T16:09:07 IST">
  <testcase classname="com.learnautomation.pages.BaseClass" name="@AfterMethod teardownMethod" time="0.174">
    <failure type="java.lang.NullPointerException" message="Cannot invoke &amp;quot;com.aventstack.extentreports.ExtentTest.pass(String, com.aventstack.extentreports.model.Media)&amp;quot; because &amp;quot;this.logger&amp;quot; is null">
      <![CDATA[java.lang.NullPointerException: Cannot invoke "com.aventstack.extentreports.ExtentTest.pass(String, com.aventstack.extentreports.model.Media)" because "this.logger" is null
at com.learnautomation.pages.BaseClass.teardownMethod(BaseClass.java:77)
at java.base/java.util.ArrayList.forEach(ArrayList.java:1511)
... Removed 32 stack frames]]>
    </failure>
  </testcase> <!-- @AfterMethod teardownMethod -->
  <testcase classname="com.learnautomation.pages.BaseClass" name="@AfterClass teardown" time="0.0">
    <skipped/>
  </testcase> <!-- @AfterClass teardown -->
  <testcase classname="com.learnautomation.testcases.LoginTestCRM" name="login_app" time="8.257"/>
</testsuite> <!-- Test -->
